[2023-04-12 at 21:13:10] [WARNING] [[!] <Request was excepted (bad cookies)>]
[2023-04-12 at 21:13:11] [INFO] [[!] <Got new cookies>]
[2023-04-14 at 14:55:01] [WARNING] [[!] <Request was excepted (bad cookies)>]
[2023-04-14 at 14:55:01] [INFO] [[!] <Got new cookies>]
[2023-04-14 at 14:55:03] [INFO] [[+] <('776817', '33') was pressed>]
[2023-04-14 at 14:55:03] [DEBUG] [[+] <> : Button was clicked!]
[2023-04-14 at 21:03:34] [WARNING] [[!] <Request was excepted (bad cookies)>]
[2023-04-14 at 21:03:34] [INFO] [[!] <Got new cookies>]
[2023-04-14 at 21:28:32] [WARNING] [[!] <Request was excepted (bad cookies)>]
[2023-04-14 at 21:28:32] [ERROR] [First(requests) try : [!] <Critical request was excepted (lk.sut.ru got error code : 403)>]
[2023-04-14 at 21:29:17] [WARNING] [[!] <Request was excepted (bad cookies)>]
[2023-04-14 at 21:29:17] [ERROR] [First(requests) try : [!] <Critical request was excepted (lk.sut.ru got error code : 403)>]
[2023-04-14 at 21:29:27] [WARNING] [[!] <Request was excepted (bad cookies)>]
[2023-04-14 at 21:29:27] [ERROR] [First(requests) try : [!] <Critical request was excepted (lk.sut.ru got error code : 403)>]
[2023-04-14 at 21:53:42] [WARNING] [[!] <Request was excepted (bad cookies)>]
[2023-04-14 at 21:53:42] [ERROR] [First(requests) try : [!] <Critical request was excepted (lk.sut.ru got error code : 403)>]
[2023-04-14 at 21:54:36] [WARNING] [[!] <Request was excepted (bad cookies)>]
[2023-04-14 at 21:54:36] [ERROR] [First(requests) try : [!] <Critical request was excepted (lk.sut.ru got error code : 403)>]
[2023-04-14 at 22:05:34] [WARNING] [[!] <Request was excepted (bad cookies)>]
[2023-04-14 at 22:05:34] [ERROR] [First(requests) try : [!] <Critical request was excepted (lk.sut.ru got error code : 403)>]
[2023-04-14 at 22:11:52] [WARNING] [[!] <Request was excepted (bad cookies)>]
[2023-04-14 at 22:11:52] [INFO] [[!] <Got new cookies>]
[2023-04-14 at 22:29:44] [WARNING] [[!] <Request was excepted (bad cookies)>]
[2023-04-14 at 22:29:44] [ERROR] [First(requests) try : [!] <Critical request was excepted (lk.sut.ru got error code : 403)>]
[2023-04-14 at 22:30:35] [WARNING] [[!] <Request was excepted (bad cookies)>]
[2023-04-14 at 22:30:35] [ERROR] [First(requests) try : [!] <Critical request was excepted (lk.sut.ru got error code : 403)>]
[2024-10-14 at 21:22:14] [INFO] [[!] <Got new cookies>]
[2024-10-14 at 21:22:16] [DEBUG] [[-] <> : Button wasn't clicked]
